# JRE version: Java(TM) SE Runtime Environment (8.0_91-b15) (build 1.8.0_91-b15)
# Java VM: Java HotSpot(TM) 64-Bit Server VM (25.91-b15 mixed mode windows-amd64 compressed oops)
Heap:
 PSYoungGen      total 299520K, used 44615K [0x00000000d5580000, 0x00000000e9a00000, 0x0000000100000000)
  eden space 283648K, 15% used [0x00000000d5580000,0x00000000d8111ee0,0x00000000e6a80000)
  from space 15872K, 0% used [0x00000000e8080000,0x00000000e8080000,0x00000000e9000000)
  to   space 22528K, 0% used [0x00000000e6a80000,0x00000000e6a80000,0x00000000e8080000)
 ParOldGen       total 134144K, used 41618K [0x0000000080000000, 0x0000000088300000, 0x00000000d5580000)
  object space 134144K, 31% used [0x0000000080000000,0x00000000828a4848,0x0000000088300000)
 Metaspace       used 61004K, capacity 63426K, committed 63744K, reserved 1103872K
  class space    used 8653K, capacity 9164K, committed 9216K, reserved 1048576K
GC Heap History (10 events):
Event: 3.216 GC heap before
{Heap before GC invocations=9 (full 1):
 PSYoungGen      total 142848K, used 40246K [0x00000000d5580000, 0x00000000e4580000, 0x0000000100000000)
  eden space 131072K, 21% used [0x00000000d5580000,0x00000000d714fd58,0x00000000dd580000)
  from space 11776K, 99% used [0x00000000dd580000,0x00000000de0fdad0,0x00000000de100000)
  to   space 14336K, 0% used [0x00000000e3780000,0x00000000e3780000,0x00000000e4580000)
 ParOldGen       total 57344K, used 9990K [0x0000000080000000, 0x0000000083800000, 0x00000000d5580000)
  object space 57344K, 17% used [0x0000000080000000,0x00000000809c1b10,0x0000000083800000)
 Metaspace       used 34269K, capacity 35448K, committed 35496K, reserved 1079296K
  class space    used 4810K, capacity 5075K, committed 5120K, reserved 1048576K
Event: 3.222 GC heap after
Heap after GC invocations=9 (full 1):
 PSYoungGen      total 231936K, used 7547K [0x00000000d5580000, 0x00000000e4c00000, 0x0000000100000000)
  eden space 217600K, 0% used [0x00000000d5580000,0x00000000d5580000,0x00000000e2a00000)
  from space 14336K, 52% used [0x00000000e3780000,0x00000000e3edefe0,0x00000000e4580000)
  to   space 13824K, 0% used [0x00000000e2a00000,0x00000000e2a00000,0x00000000e3780000)
 ParOldGen       total 57344K, used 9998K [0x0000000080000000, 0x0000000083800000, 0x00000000d5580000)
  object space 57344K, 17% used [0x0000000080000000,0x00000000809c3b10,0x0000000083800000)
 Metaspace       used 34269K, capacity 35448K, committed 35496K, reserved 1079296K
  class space    used 4810K, capacity 5075K, committed 5120K, reserved 1048576K
}
Event: 3.222 GC heap before
{Heap before GC invocations=10 (full 2):
 PSYoungGen      total 231936K, used 7547K [0x00000000d5580000, 0x00000000e4c00000, 0x0000000100000000)
  eden space 217600K, 0% used [0x00000000d5580000,0x00000000d5580000,0x00000000e2a00000)
  from space 14336K, 52% used [0x00000000e3780000,0x00000000e3edefe0,0x00000000e4580000)
  to   space 13824K, 0% used [0x00000000e2a00000,0x00000000e2a00000,0x00000000e3780000)
 ParOldGen       total 57344K, used 9998K [0x0000000080000000, 0x0000000083800000, 0x00000000d5580000)
  object space 57344K, 17% used [0x0000000080000000,0x00000000809c3b10,0x0000000083800000)
 Metaspace       used 34269K, capacity 35448K, committed 35496K, reserved 1079296K
  class space    used 4810K, capacity 5075K, committed 5120K, reserved 1048576K
Event: 3.251 GC heap after
Heap after GC invocations=10 (full 2):
 PSYoungGen      total 231936K, used 0K [0x00000000d5580000, 0x00000000e4c00000, 0x0000000100000000)
  eden space 217600K, 0% used [0x00000000d5580000,0x00000000d5580000,0x00000000e2a00000)
  from space 14336K, 0% used [0x00000000e3780000,0x00000000e3780000,0x00000000e4580000)
  to   space 13824K, 0% used [0x00000000e2a00000,0x00000000e2a00000,0x00000000e3780000)
 ParOldGen       total 80896K, used 14549K [0x0000000080000000, 0x0000000084f00000, 0x00000000d5580000)
  object space 80896K, 17% used [0x0000000080000000,0x0000000080e35500,0x0000000084f00000)
 Metaspace       used 34269K, capacity 35448K, committed 35496K, reserved 1079296K
  class space    used 4810K, capacity 5075K, committed 5120K, reserved 1048576K
}
Event: 4.377 GC heap before
{Heap before GC invocations=11 (full 2):
 PSYoungGen      total 231936K, used 217600K [0x00000000d5580000, 0x00000000e4c00000, 0x0000000100000000)
  eden space 217600K, 100% used [0x00000000d5580000,0x00000000e2a00000,0x00000000e2a00000)
  from space 14336K, 0% used [0x00000000e3780000,0x00000000e3780000,0x00000000e4580000)
  to   space 13824K, 0% used [0x00000000e2a00000,0x00000000e2a00000,0x00000000e3780000)
 ParOldGen       total 80896K, used 14549K [0x0000000080000000, 0x0000000084f00000, 0x00000000d5580000)
  object space 80896K, 17% used [0x0000000080000000,0x0000000080e35500,0x0000000084f00000)
 Metaspace       used 42017K, capacity 43902K, committed 44160K, reserved 1087488K
  class space    used 5846K, capacity 6247K, committed 6272K, reserved 1048576K
Event: 4.388 GC heap after
Heap after GC invocations=11 (full 2):
 PSYoungGen      total 231424K, used 13816K [0x00000000d5580000, 0x00000000e9000000, 0x0000000100000000)
  eden space 217600K, 0% used [0x00000000d5580000,0x00000000d5580000,0x00000000e2a00000)
  from space 13824K, 99% used [0x00000000e2a00000,0x00000000e377e018,0x00000000e3780000)
  to   space 15872K, 0% used [0x00000000e8080000,0x00000000e8080000,0x00000000e9000000)
 ParOldGen       total 80896K, used 15106K [0x0000000080000000, 0x0000000084f00000, 0x00000000d5580000)
  object space 80896K, 18% used [0x0000000080000000,0x0000000080ec0880,0x0000000084f00000)
 Metaspace       used 42017K, capacity 43902K, committed 44160K, reserved 1087488K
  class space    used 5846K, capacity 6247K, committed 6272K, reserved 1048576K
}
Event: 5.772 GC heap before
{Heap before GC invocations=12 (full 2):
 PSYoungGen      total 231424K, used 200632K [0x00000000d5580000, 0x00000000e9000000, 0x0000000100000000)
  eden space 217600K, 85% used [0x00000000d5580000,0x00000000e0bf0260,0x00000000e2a00000)
  from space 13824K, 99% used [0x00000000e2a00000,0x00000000e377e018,0x00000000e3780000)
  to   space 15872K, 0% used [0x00000000e8080000,0x00000000e8080000,0x00000000e9000000)
 ParOldGen       total 80896K, used 15106K [0x0000000080000000, 0x0000000084f00000, 0x00000000d5580000)
  object space 80896K, 18% used [0x0000000080000000,0x0000000080ec0880,0x0000000084f00000)
 Metaspace       used 56696K, capacity 59028K, committed 59160K, reserved 1099776K
  class space    used 8012K, capacity 8467K, committed 8576K, reserved 1048576K
Event: 5.791 GC heap after
Heap after GC invocations=12 (full 2):
 PSYoungGen      total 299520K, used 15860K [0x00000000d5580000, 0x00000000e9a00000, 0x0000000100000000)
  eden space 283648K, 0% used [0x00000000d5580000,0x00000000d5580000,0x00000000e6a80000)
  from space 15872K, 99% used [0x00000000e8080000,0x00000000e8ffd310,0x00000000e9000000)
  to   space 22528K, 0% used [0x00000000e6a80000,0x00000000e6a80000,0x00000000e8080000)
 ParOldGen       total 80896K, used 28089K [0x0000000080000000, 0x0000000084f00000, 0x00000000d5580000)
  object space 80896K, 34% used [0x0000000080000000,0x0000000081b6e470,0x0000000084f00000)
 Metaspace       used 56696K, capacity 59028K, committed 59160K, reserved 1099776K
  class space    used 8012K, capacity 8467K, committed 8576K, reserved 1048576K
}
Event: 5.791 GC heap before
{Heap before GC invocations=13 (full 3):
 PSYoungGen      total 299520K, used 15860K [0x00000000d5580000, 0x00000000e9a00000, 0x0000000100000000)
  eden space 283648K, 0% used [0x00000000d5580000,0x00000000d5580000,0x00000000e6a80000)
  from space 15872K, 99% used [0x00000000e8080000,0x00000000e8ffd310,0x00000000e9000000)
  to   space 22528K, 0% used [0x00000000e6a80000,0x00000000e6a80000,0x00000000e8080000)
 ParOldGen       total 80896K, used 28089K [0x0000000080000000, 0x0000000084f00000, 0x00000000d5580000)
  object space 80896K, 34% used [0x0000000080000000,0x0000000081b6e470,0x0000000084f00000)
 Metaspace       used 56696K, capacity 59028K, committed 59160K, reserved 1099776K
  class space    used 8012K, capacity 8467K, committed 8576K, reserved 1048576K
Event: 5.958 GC heap after
Heap after GC invocations=13 (full 3):
 PSYoungGen      total 299520K, used 0K [0x00000000d5580000, 0x00000000e9a00000, 0x0000000100000000)
  eden space 283648K, 0% used [0x00000000d5580000,0x00000000d5580000,0x00000000e6a80000)
  from space 15872K, 0% used [0x00000000e8080000,0x00000000e8080000,0x00000000e9000000)
  to   space 22528K, 0% used [0x00000000e6a80000,0x00000000e6a80000,0x00000000e8080000)
 ParOldGen       total 134144K, used 41618K [0x0000000080000000, 0x0000000088300000, 0x00000000d5580000)
  object space 134144K, 31% used [0x0000000080000000,0x00000000828a4848,0x0000000088300000)
 Metaspace       used 56651K, capacity 58878K, committed 59160K, reserved 1099776K
  class space    used 7998K, capacity 8442K, committed 8576K, reserved 1048576K
}

