# JRE version: Java(TM) SE Runtime Environment (8.0_91-b15) (build 1.8.0_91-b15)
# Java VM: Java HotSpot(TM) 64-Bit Server VM (25.91-b15 mixed mode windows-amd64 compressed oops)
Heap:
 PSYoungGen      total 282112K, used 54270K [0x00000000d5580000, 0x00000000ec480000, 0x0000000100000000)
  eden space 266240K, 14% used [0x00000000d5580000,0x00000000d7b00820,0x00000000e5980000)
  from space 15872K, 99% used [0x00000000e7680000,0x00000000e85ff080,0x00000000e8600000)
  to   space 29696K, 0% used [0x00000000e5980000,0x00000000e5980000,0x00000000e7680000)
 ParOldGen       total 140288K, used 53588K [0x0000000080000000, 0x0000000088900000, 0x00000000d5580000)
  object space 140288K, 38% used [0x0000000080000000,0x0000000083455190,0x0000000088900000)
 Metaspace       used 76271K, capacity 80084K, committed 80384K, reserved 1118208K
  class space    used 10537K, capacity 11213K, committed 11264K, reserved 1048576K
GC Heap History (10 events):
Event: 3.865 GC heap before
{Heap before GC invocations=11 (full 2):
 PSYoungGen      total 230400K, used 215552K [0x00000000d5580000, 0x00000000e4a80000, 0x0000000100000000)
  eden space 215552K, 100% used [0x00000000d5580000,0x00000000e2800000,0x00000000e2800000)
  from space 14848K, 0% used [0x00000000e3580000,0x00000000e3580000,0x00000000e4400000)
  to   space 13824K, 0% used [0x00000000e2800000,0x00000000e2800000,0x00000000e3580000)
 ParOldGen       total 83968K, used 14511K [0x0000000080000000, 0x0000000085200000, 0x00000000d5580000)
  object space 83968K, 17% used [0x0000000080000000,0x0000000080e2bc98,0x0000000085200000)
 Metaspace       used 41882K, capacity 43786K, committed 43904K, reserved 1087488K
  class space    used 5835K, capacity 6247K, committed 6272K, reserved 1048576K
Event: 3.873 GC heap after
Heap after GC invocations=11 (full 2):
 PSYoungGen      total 229376K, used 13815K [0x00000000d5580000, 0x00000000e8600000, 0x0000000100000000)
  eden space 215552K, 0% used [0x00000000d5580000,0x00000000d5580000,0x00000000e2800000)
  from space 13824K, 99% used [0x00000000e2800000,0x00000000e357dee8,0x00000000e3580000)
  to   space 15872K, 0% used [0x00000000e7680000,0x00000000e7680000,0x00000000e8600000)
 ParOldGen       total 83968K, used 14980K [0x0000000080000000, 0x0000000085200000, 0x00000000d5580000)
  object space 83968K, 17% used [0x0000000080000000,0x0000000080ea1290,0x0000000085200000)
 Metaspace       used 41882K, capacity 43786K, committed 43904K, reserved 1087488K
  class space    used 5835K, capacity 6247K, committed 6272K, reserved 1048576K
}
Event: 5.081 GC heap before
{Heap before GC invocations=12 (full 2):
 PSYoungGen      total 229376K, used 196866K [0x00000000d5580000, 0x00000000e8600000, 0x0000000100000000)
  eden space 215552K, 84% used [0x00000000d5580000,0x00000000e0842b10,0x00000000e2800000)
  from space 13824K, 99% used [0x00000000e2800000,0x00000000e357dee8,0x00000000e3580000)
  to   space 15872K, 0% used [0x00000000e7680000,0x00000000e7680000,0x00000000e8600000)
 ParOldGen       total 83968K, used 14980K [0x0000000080000000, 0x0000000085200000, 0x00000000d5580000)
  object space 83968K, 17% used [0x0000000080000000,0x0000000080ea1290,0x0000000085200000)
 Metaspace       used 56653K, capacity 59044K, committed 59160K, reserved 1099776K
  class space    used 8010K, capacity 8467K, committed 8576K, reserved 1048576K
Event: 5.097 GC heap after
Heap after GC invocations=12 (full 2):
 PSYoungGen      total 289280K, used 15860K [0x00000000d5580000, 0x00000000e8f00000, 0x0000000100000000)
  eden space 273408K, 0% used [0x00000000d5580000,0x00000000d5580000,0x00000000e6080000)
  from space 15872K, 99% used [0x00000000e7680000,0x00000000e85fd310,0x00000000e8600000)
  to   space 22528K, 0% used [0x00000000e6080000,0x00000000e6080000,0x00000000e7680000)
 ParOldGen       total 83968K, used 28053K [0x0000000080000000, 0x0000000085200000, 0x00000000d5580000)
  object space 83968K, 33% used [0x0000000080000000,0x0000000081b657c8,0x0000000085200000)
 Metaspace       used 56653K, capacity 59044K, committed 59160K, reserved 1099776K
  class space    used 8010K, capacity 8467K, committed 8576K, reserved 1048576K
}
Event: 5.097 GC heap before
{Heap before GC invocations=13 (full 3):
 PSYoungGen      total 289280K, used 15860K [0x00000000d5580000, 0x00000000e8f00000, 0x0000000100000000)
  eden space 273408K, 0% used [0x00000000d5580000,0x00000000d5580000,0x00000000e6080000)
  from space 15872K, 99% used [0x00000000e7680000,0x00000000e85fd310,0x00000000e8600000)
  to   space 22528K, 0% used [0x00000000e6080000,0x00000000e6080000,0x00000000e7680000)
 ParOldGen       total 83968K, used 28053K [0x0000000080000000, 0x0000000085200000, 0x00000000d5580000)
  object space 83968K, 33% used [0x0000000080000000,0x0000000081b657c8,0x0000000085200000)
 Metaspace       used 56653K, capacity 59044K, committed 59160K, reserved 1099776K
  class space    used 8010K, capacity 8467K, committed 8576K, reserved 1048576K
Event: 5.270 GC heap after
Heap after GC invocations=13 (full 3):
 PSYoungGen      total 289280K, used 0K [0x00000000d5580000, 0x00000000e8f00000, 0x0000000100000000)
  eden space 273408K, 0% used [0x00000000d5580000,0x00000000d5580000,0x00000000e6080000)
  from space 15872K, 0% used [0x00000000e7680000,0x00000000e7680000,0x00000000e8600000)
  to   space 22528K, 0% used [0x00000000e6080000,0x00000000e6080000,0x00000000e7680000)
 ParOldGen       total 140288K, used 41714K [0x0000000080000000, 0x0000000088900000, 0x00000000d5580000)
  object space 140288K, 29% used [0x0000000080000000,0x00000000828bc9e8,0x0000000088900000)
 Metaspace       used 56608K, capacity 58894K, committed 59160K, reserved 1099776K
  class space    used 7996K, capacity 8442K, committed 8576K, reserved 1048576K
}
Event: 7.088 GC heap before
{Heap before GC invocations=14 (full 3):
 PSYoungGen      total 289280K, used 273408K [0x00000000d5580000, 0x00000000e8f00000, 0x0000000100000000)
  eden space 273408K, 100% used [0x00000000d5580000,0x00000000e6080000,0x00000000e6080000)
  from space 15872K, 0% used [0x00000000e7680000,0x00000000e7680000,0x00000000e8600000)
  to   space 22528K, 0% used [0x00000000e6080000,0x00000000e6080000,0x00000000e7680000)
 ParOldGen       total 140288K, used 41714K [0x0000000080000000, 0x0000000088900000, 0x00000000d5580000)
  object space 140288K, 29% used [0x0000000080000000,0x00000000828bc9e8,0x0000000088900000)
 Metaspace       used 69925K, capacity 73460K, committed 73728K, reserved 1112064K
  class space    used 9788K, capacity 10453K, committed 10496K, reserved 1048576K
Event: 7.102 GC heap after
Heap after GC invocations=14 (full 3):
 PSYoungGen      total 295936K, used 19437K [0x00000000d5580000, 0x00000000e8f00000, 0x0000000100000000)
  eden space 273408K, 0% used [0x00000000d5580000,0x00000000d5580000,0x00000000e6080000)
  from space 22528K, 86% used [0x00000000e6080000,0x00000000e737b7c8,0x00000000e7680000)
  to   space 15872K, 0% used [0x00000000e7680000,0x00000000e7680000,0x00000000e8600000)
 ParOldGen       total 140288K, used 41786K [0x0000000080000000, 0x0000000088900000, 0x00000000d5580000)
  object space 140288K, 29% used [0x0000000080000000,0x00000000828ce9f8,0x0000000088900000)
 Metaspace       used 69925K, capacity 73460K, committed 73728K, reserved 1112064K
  class space    used 9788K, capacity 10453K, committed 10496K, reserved 1048576K
}
Event: 10.693 GC heap before
{Heap before GC invocations=15 (full 3):
 PSYoungGen      total 295936K, used 292845K [0x00000000d5580000, 0x00000000e8f00000, 0x0000000100000000)
  eden space 273408K, 100% used [0x00000000d5580000,0x00000000e6080000,0x00000000e6080000)
  from space 22528K, 86% used [0x00000000e6080000,0x00000000e737b7c8,0x00000000e7680000)
  to   space 15872K, 0% used [0x00000000e7680000,0x00000000e7680000,0x00000000e8600000)
 ParOldGen       total 140288K, used 41786K [0x0000000080000000, 0x0000000088900000, 0x00000000d5580000)
  object space 140288K, 29% used [0x0000000080000000,0x00000000828ce9f8,0x0000000088900000)
 Metaspace       used 75450K, capacity 79164K, committed 79488K, reserved 1118208K
  class space    used 10428K, capacity 11115K, committed 11136K, reserved 1048576K
Event: 10.710 GC heap after
Heap after GC invocations=15 (full 3):
 PSYoungGen      total 282112K, used 15868K [0x00000000d5580000, 0x00000000ec480000, 0x0000000100000000)
  eden space 266240K, 0% used [0x00000000d5580000,0x00000000d5580000,0x00000000e5980000)
  from space 15872K, 99% used [0x00000000e7680000,0x00000000e85ff080,0x00000000e8600000)
  to   space 29696K, 0% used [0x00000000e5980000,0x00000000e5980000,0x00000000e7680000)
 ParOldGen       total 140288K, used 53588K [0x0000000080000000, 0x0000000088900000, 0x00000000d5580000)
  object space 140288K, 38% used [0x0000000080000000,0x0000000083455190,0x0000000088900000)
 Metaspace       used 75450K, capacity 79164K, committed 79488K, reserved 1118208K
  class space    used 10428K, capacity 11115K, committed 11136K, reserved 1048576K
}

